1500078577828	geckodriver	INFO	geckodriver 0.18.0
1500078577833	geckodriver	INFO	Listening on 127.0.0.1:54120
1500078582095	geckodriver::marionette	INFO	Starting browser /Applications/Firefox.app/Contents/MacOS/firefox-bin with args ["-marionette"]
1500078588080	Marionette	INFO	Listening on port 54148
1500078588175	Marionette	WARN	TLS certificate errors will be ignored for this session
1500078588495	Marionette	DEBUG	loaded listener.js
1500078588575	Marionette	DEBUG	Received DOM event "beforeunload" for "about:blank"
2017-07-15 08:29:48.622 plugin-container[72364:772825] *** CFMessagePort: bootstrap_register(): failed 1100 (0x44c) 'Permission denied', port = 0x913b, name = 'com.apple.tsm.portname'
See /usr/include/servers/bootstrap_defs.h for the error codes.
2017-07-15 08:29:48.631 plugin-container[72364:772825] *** CFMessagePort: bootstrap_register(): failed 1100 (0x44c) 'Permission denied', port = 0x9403, name = 'com.apple.CFPasteboardClient'
See /usr/include/servers/bootstrap_defs.h for the error codes.
1500078591640	Marionette	DEBUG	Received DOM event "pagehide" for "about:blank"
1500078591640	Marionette	DEBUG	Received DOM event "unload" for "about:blank"
1500078592779	Marionette	DEBUG	Received DOM event "DOMContentLoaded" for "https://www.google.com/"
1500078599247	Marionette	DEBUG	Received observer notification "outer-window-destroyed" for "2147483653"
1500078599249	Marionette	DEBUG	Received DOM event "DOMContentLoaded" for "https://www.google.com/"
1500078599253	Marionette	DEBUG	Received DOM event "pageshow" for "https://www.google.com/"
1500078608808	Marionette	DEBUG	Received DOM event "pageshow" for "https://www.google.com/"
2017-07-15 08:33:40.557 plugin-container[72863:777775] *** CFMessagePort: bootstrap_register(): failed 1100 (0x44c) 'Permission denied', port = 0x913f, name = 'com.apple.tsm.portname'
See /usr/include/servers/bootstrap_defs.h for the error codes.
2017-07-15 08:33:40.562 plugin-container[72863:777775] *** CFMessagePort: bootstrap_register(): failed 1100 (0x44c) 'Permission denied', port = 0x9407, name = 'com.apple.CFPasteboardClient'
See /usr/include/servers/bootstrap_defs.h for the error codes.
2017-07-15 08:33:53.959 plugin-container[72895:778230] *** CFMessagePort: bootstrap_register(): failed 1100 (0x44c) 'Permission denied', port = 0x903b, name = 'com.apple.tsm.portname'
See /usr/include/servers/bootstrap_defs.h for the error codes.
2017-07-15 08:33:53.965 plugin-container[72895:778230] *** CFMessagePort: bootstrap_register(): failed 1100 (0x44c) 'Permission denied', port = 0x9303, name = 'com.apple.CFPasteboardClient'
See /usr/include/servers/bootstrap_defs.h for the error codes.
1500078886457	addons.productaddons	WARN	Failed downloading XML, status: 0, reason: error
1500078886585	addons.productaddons	WARN	Failed downloading via XHR, status: 0, reason: error
*************************
A coding exception was thrown and uncaught in a Task.

Full message: TypeError: NetworkError when attempting to fetch resource.
Full stack: 
*************************
2017-07-15 08:43:13.209 plugin-container[74087:790200] *** CFMessagePort: bootstrap_register(): failed 1100 (0x44c) 'Permission denied', port = 0x9137, name = 'com.apple.tsm.portname'
See /usr/include/servers/bootstrap_defs.h for the error codes.
2017-07-15 08:43:13.214 plugin-container[74087:790200] *** CFMessagePort: bootstrap_register(): failed 1100 (0x44c) 'Permission denied', port = 0x9403, name = 'com.apple.CFPasteboardClient'
See /usr/include/servers/bootstrap_defs.h for the error codes.
1500079418398	addons.xpi	WARN	Add-on {7eb3f691-25b4-4a85-9038-9e57e2bcd537} is not compatible with application version.
1500079418405	addons.xpi	WARN	Add-on {7eb3f691-25b4-4a85-9038-9e57e2bcd537} is not compatible with application version.

###!!! [Child][MessageChannel] Error: (msgtype=0x4400AB,name=PContent::Msg_ConsoleMessage) Channel closing: too late to send/recv, messages will be lost

2017-07-15 08:44:39.831 plugin-container[74257:792078] *** CFMessagePort: bootstrap_register(): failed 1100 (0x44c) 'Permission denied', port = 0x923f, name = 'com.apple.tsm.portname'
See /usr/include/servers/bootstrap_defs.h for the error codes.
2017-07-15 08:44:39.834 plugin-container[74257:792078] *** CFMessagePort: bootstrap_register(): failed 1100 (0x44c) 'Permission denied', port = 0x9503, name = 'com.apple.CFPasteboardClient'
See /usr/include/servers/bootstrap_defs.h for the error codes.
1500079480850	Marionette	INFO	Ceased listening
